e:\cs\muti_energy\muti-energy-ray-casting\spectrumprojection\x64\release\vc142.pdb
e:\cs\muti_energy\muti-energy-ray-casting\spectrumprojection\x64\release\源.obj
e:\cs\muti_energy\muti-energy-ray-casting\spectrumprojection\x64\release\param.obj
e:\cs\muti_energy\muti-energy-ray-casting\spectrumprojection\x64\release\mutienergyprocess.obj
e:\cs\muti_energy\muti-energy-ray-casting\spectrumprojection\x64\release\lightsource.obj
e:\cs\muti_energy\muti-energy-ray-casting\spectrumprojection\x64\release\mutienergyprojection.obj
e:\cs\muti_energy\muti-energy-ray-casting\spectrumprojection\x64\release\main.obj
e:\cs\muti_energy\muti-energy-ray-casting\spectrumprojection\x64\release\cudafunction.obj
e:\cs\muti_energy\muti-energy-ray-casting\spectrumprojection\x64\release\spectrumprojection.exe
e:\cs\muti_energy\muti-energy-ray-casting\spectrumprojection\x64\release\spectrumprojection.pdb
e:\cs\muti_energy\muti-energy-ray-casting\spectrumprojection\x64\release\spectrumprojection.lib
e:\cs\muti_energy\muti-energy-ray-casting\spectrumprojection\x64\release\spectrumprojection.exp
e:\cs\muti_energy\muti-energy-ray-casting\spectrumprojection\x64\release\spectrumprojection.ipdb
e:\cs\muti_energy\muti-energy-ray-casting\spectrumprojection\x64\release\spectrumprojection.iobj
e:\cs\muti_energy\muti-energy-ray-casting\spectrumprojection\x64\release\decompose.cu.cache
e:\cs\muti_energy\muti-energy-ray-casting\spectrumprojection\x64\release\imgproc.cpp.cache
e:\cs\muti_energy\muti-energy-ray-casting\spectrumprojection\x64\release\meprocess.cu.cache
e:\cs\muti_energy\muti-energy-ray-casting\spectrumprojection\x64\release\noise.cu.cache
e:\cs\muti_energy\muti-energy-ray-casting\spectrumprojection\x64\release\ray.cu.cache
e:\cs\muti_energy\muti-energy-ray-casting\spectrumprojection\x64\release\decompose.cu.obj
e:\cs\muti_energy\muti-energy-ray-casting\spectrumprojection\x64\release\imgproc.cpp.obj
e:\cs\muti_energy\muti-energy-ray-casting\spectrumprojection\x64\release\meprocess.cu.obj
e:\cs\muti_energy\muti-energy-ray-casting\spectrumprojection\x64\release\noise.cu.obj
e:\cs\muti_energy\muti-energy-ray-casting\spectrumprojection\x64\release\ray.cu.obj
e:\cs\muti_energy\muti-energy-ray-casting\spectrumprojection\x64\release\spectrum.93f081f7.tlog\cl.command.1.tlog
e:\cs\muti_energy\muti-energy-ray-casting\spectrumprojection\x64\release\spectrum.93f081f7.tlog\cl.read.1.tlog
e:\cs\muti_energy\muti-energy-ray-casting\spectrumprojection\x64\release\spectrum.93f081f7.tlog\cl.write.1.tlog
e:\cs\muti_energy\muti-energy-ray-casting\spectrumprojection\x64\release\spectrum.93f081f7.tlog\cudacompile.read.1u.tlog
e:\cs\muti_energy\muti-energy-ray-casting\spectrumprojection\x64\release\spectrum.93f081f7.tlog\cudacompile.write.1u.tlog
e:\cs\muti_energy\muti-energy-ray-casting\spectrumprojection\x64\release\spectrum.93f081f7.tlog\link.command.1.tlog
e:\cs\muti_energy\muti-energy-ray-casting\spectrumprojection\x64\release\spectrum.93f081f7.tlog\link.read.1.tlog
e:\cs\muti_energy\muti-energy-ray-casting\spectrumprojection\x64\release\spectrum.93f081f7.tlog\link.write.1.tlog
e:\cs\muti_energy\muti-energy-ray-casting\spectrumprojection\x64\release\spectrum.93f081f7.tlog\spectrumprojection.write.1u.tlog
