e:\cs\muti_energy\spectrumprojection\x64\debug\vc142.pdb
e:\cs\muti_energy\spectrumprojection\x64\debug\vc142.idb
e:\cs\muti_energy\spectrumprojection\x64\debug\lightsource.obj
e:\cs\muti_energy\spectrumprojection\x64\debug\function.obj
e:\cs\muti_energy\spectrumprojection\x64\debug\param.obj
e:\cs\muti_energy\spectrumprojection\x64\debug\cudafunction.obj
e:\cs\muti_energy\spectrumprojection\x64\debug\mutienergyprojection.obj
e:\cs\muti_energy\spectrumprojection\x64\debug\main.obj
e:\cs\muti_energy\spectrumprojection\x64\debug\decompose.cu.obj
e:\cs\muti_energy\spectrumprojection\x64\debug\meprocess.cu.obj
e:\cs\muti_energy\spectrumprojection\x64\debug\ray.cu.obj
e:\cs\muti_energy\spectrumprojection\x64\debug\mutienergyprocess.cpp.obj
e:\cs\muti_energy\spectrumprojection\x64\debug\noise.cu.obj
e:\cs\muti_energy\spectrumprojection\x64\debug\spectrumprojection.exe
e:\cs\muti_energy\spectrumprojection\x64\debug\spectrumprojection.ilk
e:\cs\muti_energy\spectrumprojection\x64\debug\spectrumprojection.pdb
e:\cs\muti_energy\spectrumprojection\x64\debug\spectrumprojection.lib
e:\cs\muti_energy\spectrumprojection\x64\debug\spectrumprojection.exp
e:\cs\muti_energy\spectrumprojection\x64\debug\decompose.cu.cache
e:\cs\muti_energy\spectrumprojection\x64\debug\meprocess.cu.cache
e:\cs\muti_energy\spectrumprojection\x64\debug\mutienergyprocess.cpp.cache
e:\cs\muti_energy\spectrumprojection\x64\debug\noise.cu.cache
e:\cs\muti_energy\spectrumprojection\x64\debug\ray.cu.cache
e:\cs\muti_energy\spectrumprojection\x64\debug\spectrum.93f081f7.tlog\cl.command.1.tlog
e:\cs\muti_energy\spectrumprojection\x64\debug\spectrum.93f081f7.tlog\cl.read.1.tlog
e:\cs\muti_energy\spectrumprojection\x64\debug\spectrum.93f081f7.tlog\cl.write.1.tlog
e:\cs\muti_energy\spectrumprojection\x64\debug\spectrum.93f081f7.tlog\cudacompile.read.1u.tlog
e:\cs\muti_energy\spectrumprojection\x64\debug\spectrum.93f081f7.tlog\cudacompile.write.1u.tlog
e:\cs\muti_energy\spectrumprojection\x64\debug\spectrum.93f081f7.tlog\link.command.1.tlog
e:\cs\muti_energy\spectrumprojection\x64\debug\spectrum.93f081f7.tlog\link.read.1.tlog
e:\cs\muti_energy\spectrumprojection\x64\debug\spectrum.93f081f7.tlog\link.write.1.tlog
e:\cs\muti_energy\spectrumprojection\x64\debug\spectrum.93f081f7.tlog\spectrumprojection.write.1u.tlog
